2025-08-10 20:47:52,222 - werkzeug - INFO - [31m[1mWARNING: This is a development server. Do not use it in a production deployment. Use a production WSGI server instead.[0m
 * Running on all addresses (0.0.0.0)
 * Running on http://127.0.0.1:5000
 * Running on http://192.168.29.202:5000
2025-08-10 20:47:52,223 - werkzeug - INFO - [33mPress CTRL+C to quit[0m
2025-08-10 20:47:52,228 - werkzeug - INFO -  * Restarting with stat
2025-08-10 20:47:54,688 - werkzeug - WARNING -  * Debugger is active!
2025-08-10 20:47:54,698 - werkzeug - INFO -  * Debugger PIN: 106-467-557
2025-08-10 20:48:02,771 - werkzeug - INFO - 127.0.0.1 - - [10/Aug/2025 20:48:02] "GET / HTTP/1.1" 200 -
2025-08-10 20:48:03,130 - werkzeug - INFO - 127.0.0.1 - - [10/Aug/2025 20:48:03] "GET /static/css/style.css HTTP/1.1" 200 -
2025-08-10 20:48:03,292 - werkzeug - INFO - 127.0.0.1 - - [10/Aug/2025 20:48:03] "GET /static/js/main.js HTTP/1.1" 200 -
2025-08-10 20:48:09,438 - werkzeug - INFO - 127.0.0.1 - - [10/Aug/2025 20:48:09] "GET / HTTP/1.1" 200 -
2025-08-10 20:48:09,523 - werkzeug - INFO - 127.0.0.1 - - [10/Aug/2025 20:48:09] "[36mGET /static/css/style.css HTTP/1.1[0m" 304 -
2025-08-10 20:48:09,523 - werkzeug - INFO - 127.0.0.1 - - [10/Aug/2025 20:48:09] "[36mGET /static/js/main.js HTTP/1.1[0m" 304 -
2025-08-10 20:48:16,218 - werkzeug - INFO - 127.0.0.1 - - [10/Aug/2025 20:48:16] "GET / HTTP/1.1" 200 -
2025-08-10 20:48:16,293 - werkzeug - INFO - 127.0.0.1 - - [10/Aug/2025 20:48:16] "[36mGET /static/css/style.css HTTP/1.1[0m" 304 -
2025-08-10 20:48:16,294 - werkzeug - INFO - 127.0.0.1 - - [10/Aug/2025 20:48:16] "[36mGET /static/js/main.js HTTP/1.1[0m" 304 -
2025-08-10 20:48:17,827 - werkzeug - INFO - 127.0.0.1 - - [10/Aug/2025 20:48:17] "GET /history HTTP/1.1" 200 -
2025-08-10 20:48:17,917 - werkzeug - INFO - 127.0.0.1 - - [10/Aug/2025 20:48:17] "[36mGET /static/css/style.css HTTP/1.1[0m" 304 -
2025-08-10 20:48:17,920 - werkzeug - INFO - 127.0.0.1 - - [10/Aug/2025 20:48:17] "[36mGET /static/js/main.js HTTP/1.1[0m" 304 -
2025-08-10 20:48:32,495 - werkzeug - INFO - 127.0.0.1 - - [10/Aug/2025 20:48:32] "GET / HTTP/1.1" 200 -
2025-08-10 20:48:32,593 - werkzeug - INFO - 127.0.0.1 - - [10/Aug/2025 20:48:32] "[36mGET /static/css/style.css HTTP/1.1[0m" 304 -
2025-08-10 20:48:32,596 - werkzeug - INFO - 127.0.0.1 - - [10/Aug/2025 20:48:32] "[36mGET /static/js/main.js HTTP/1.1[0m" 304 -
2025-08-10 20:50:02,678 - __main__ - INFO - Starting scrape for case: 9855/2024
2025-08-10 20:50:02,679 - court_scraper - INFO - Starting scrape for case: Civil Writ Petition 9855/2024
2025-08-10 20:50:02,679 - court_scraper - INFO - Attempt 1/3
2025-08-10 20:50:03,074 - court_scraper - WARNING - Requests method failed: 404 Client Error: Not Found for url: https://delhihighcourt.nic.in/case_status.asp
2025-08-10 20:50:05,076 - court_scraper - INFO - Attempt 2/3
2025-08-10 20:50:05,077 - WDM - INFO - ====== WebDriver manager ======
2025-08-10 20:50:07,255 - WDM - INFO - Get LATEST chromedriver version for google-chrome
2025-08-10 20:50:07,597 - WDM - INFO - Get LATEST chromedriver version for google-chrome
2025-08-10 20:50:07,901 - WDM - INFO - Driver [C:\Users\NILESH\.wdm\drivers\chromedriver\win64\138.0.7204.183\chromedriver-win32/chromedriver.exe] found in cache
2025-08-10 20:50:47,569 - court_scraper - INFO - Attempt 3/3
2025-08-10 20:50:47,570 - WDM - INFO - ====== WebDriver manager ======
2025-08-10 20:50:49,361 - WDM - INFO - Get LATEST chromedriver version for google-chrome
2025-08-10 20:50:49,775 - WDM - INFO - Get LATEST chromedriver version for google-chrome
2025-08-10 20:50:50,090 - WDM - INFO - Driver [C:\Users\NILESH\.wdm\drivers\chromedriver\win64\138.0.7204.183\chromedriver-win32/chromedriver.exe] found in cache
2025-08-10 20:51:34,131 - werkzeug - INFO - 127.0.0.1 - - [10/Aug/2025 20:51:34] "[32mPOST /search HTTP/1.1[0m" 302 -
2025-08-10 20:51:36,326 - werkzeug - INFO - 127.0.0.1 - - [10/Aug/2025 20:51:36] "GET /case/1 HTTP/1.1" 200 -
2025-08-10 20:51:36,421 - werkzeug - INFO - 127.0.0.1 - - [10/Aug/2025 20:51:36] "[36mGET /static/css/style.css HTTP/1.1[0m" 304 -
2025-08-10 20:51:36,422 - werkzeug - INFO - 127.0.0.1 - - [10/Aug/2025 20:51:36] "[36mGET /static/js/main.js HTTP/1.1[0m" 304 -
2025-08-10 20:51:50,061 - werkzeug - INFO - 127.0.0.1 - - [10/Aug/2025 20:51:50] "GET /history HTTP/1.1" 200 -
2025-08-10 20:51:50,164 - werkzeug - INFO - 127.0.0.1 - - [10/Aug/2025 20:51:50] "[36mGET /static/css/style.css HTTP/1.1[0m" 304 -
2025-08-10 20:51:50,165 - werkzeug - INFO - 127.0.0.1 - - [10/Aug/2025 20:51:50] "[36mGET /static/js/main.js HTTP/1.1[0m" 304 -
2025-08-10 20:51:54,144 - werkzeug - INFO - 127.0.0.1 - - [10/Aug/2025 20:51:54] "GET /case/1 HTTP/1.1" 200 -
2025-08-10 20:51:54,256 - werkzeug - INFO - 127.0.0.1 - - [10/Aug/2025 20:51:54] "[36mGET /static/css/style.css HTTP/1.1[0m" 304 -
2025-08-10 20:51:54,258 - werkzeug - INFO - 127.0.0.1 - - [10/Aug/2025 20:51:54] "[36mGET /static/js/main.js HTTP/1.1[0m" 304 -
2025-08-10 21:08:27,287 - werkzeug - INFO - [31m[1mWARNING: This is a development server. Do not use it in a production deployment. Use a production WSGI server instead.[0m
 * Running on all addresses (0.0.0.0)
 * Running on http://127.0.0.1:5000
 * Running on http://192.168.29.202:5000
2025-08-10 21:08:27,288 - werkzeug - INFO - [33mPress CTRL+C to quit[0m
2025-08-10 21:08:27,291 - werkzeug - INFO -  * Restarting with stat
2025-08-10 21:08:29,700 - werkzeug - WARNING -  * Debugger is active!
2025-08-10 21:08:29,706 - werkzeug - INFO -  * Debugger PIN: 106-467-557
2025-08-10 21:08:33,791 - werkzeug - INFO - 127.0.0.1 - - [10/Aug/2025 21:08:33] "GET / HTTP/1.1" 200 -
2025-08-10 21:08:34,011 - werkzeug - INFO - 127.0.0.1 - - [10/Aug/2025 21:08:34] "[36mGET /static/css/style.css HTTP/1.1[0m" 304 -
2025-08-10 21:08:34,012 - werkzeug - INFO - 127.0.0.1 - - [10/Aug/2025 21:08:34] "[36mGET /static/js/main.js HTTP/1.1[0m" 304 -
2025-08-10 21:08:49,205 - __main__ - INFO - Starting scrape for case: 9855/2024
2025-08-10 21:08:49,206 - court_scraper - INFO - Starting scrape for case: Civil Writ Petition 9855/2024
2025-08-10 21:08:49,206 - court_scraper - INFO - Attempt 1/3
2025-08-10 21:08:49,620 - court_scraper - WARNING - Requests method failed: 404 Client Error: Not Found for url: https://delhihighcourt.nic.in/case_status.asp
2025-08-10 21:08:51,622 - court_scraper - INFO - Attempt 2/3
2025-08-10 21:08:51,623 - WDM - INFO - ====== WebDriver manager ======
2025-08-10 21:08:53,616 - WDM - INFO - Get LATEST chromedriver version for google-chrome
2025-08-10 21:08:54,036 - WDM - INFO - Get LATEST chromedriver version for google-chrome
2025-08-10 21:08:54,336 - WDM - INFO - Driver [C:\Users\NILESH\.wdm\drivers\chromedriver\win64\138.0.7204.183\chromedriver-win32/chromedriver.exe] found in cache
2025-08-10 21:09:33,993 - court_scraper - INFO - Attempt 3/3
2025-08-10 21:09:33,994 - WDM - INFO - ====== WebDriver manager ======
2025-08-10 21:09:35,821 - WDM - INFO - Get LATEST chromedriver version for google-chrome
2025-08-10 21:09:36,222 - WDM - INFO - Get LATEST chromedriver version for google-chrome
2025-08-10 21:09:36,527 - WDM - INFO - Driver [C:\Users\NILESH\.wdm\drivers\chromedriver\win64\138.0.7204.183\chromedriver-win32/chromedriver.exe] found in cache
2025-08-10 21:10:19,238 - werkzeug - INFO - 127.0.0.1 - - [10/Aug/2025 21:10:19] "[32mPOST /search HTTP/1.1[0m" 302 -
2025-08-10 21:10:21,429 - werkzeug - INFO - 127.0.0.1 - - [10/Aug/2025 21:10:21] "GET /case/2 HTTP/1.1" 200 -
2025-08-10 21:10:21,515 - werkzeug - INFO - 127.0.0.1 - - [10/Aug/2025 21:10:21] "[36mGET /static/css/style.css HTTP/1.1[0m" 304 -
2025-08-10 21:10:21,518 - werkzeug - INFO - 127.0.0.1 - - [10/Aug/2025 21:10:21] "[36mGET /static/js/main.js HTTP/1.1[0m" 304 -
2025-08-10 21:13:23,415 - werkzeug - INFO - 127.0.0.1 - - [10/Aug/2025 21:13:23] "GET /history HTTP/1.1" 200 -
2025-08-10 21:13:23,498 - werkzeug - INFO - 127.0.0.1 - - [10/Aug/2025 21:13:23] "[36mGET /static/css/style.css HTTP/1.1[0m" 304 -
2025-08-10 21:13:23,499 - werkzeug - INFO - 127.0.0.1 - - [10/Aug/2025 21:13:23] "[36mGET /static/js/main.js HTTP/1.1[0m" 304 -
2025-08-10 21:22:15,619 - utils - INFO - Logging configured.
2025-08-10 21:22:15,641 - werkzeug - INFO - [31m[1mWARNING: This is a development server. Do not use it in a production deployment. Use a production WSGI server instead.[0m
 * Running on http://127.0.0.1:5000
2025-08-10 21:22:15,641 - werkzeug - INFO - [33mPress CTRL+C to quit[0m
2025-08-10 21:22:28,373 - app - ERROR - Exception on / [GET]
Traceback (most recent call last):
  File "C:\Users\NILESH\AppData\Local\Programs\Python\Python313\Lib\site-packages\sqlalchemy\engine\base.py", line 1961, in _exec_single_context
    self.dialect.do_execute(
    ~~~~~~~~~~~~~~~~~~~~~~~^
        cursor, str_statement, effective_parameters, context
        ^^^^^^^^^^^^^^^^^^^^^^^^^^^^^^^^^^^^^^^^^^^^^^^^^^^^
    )
    ^
  File "C:\Users\NILESH\AppData\Local\Programs\Python\Python313\Lib\site-packages\sqlalchemy\engine\default.py", line 944, in do_execute
    cursor.execute(statement, parameters)
    ~~~~~~~~~~~~~~^^^^^^^^^^^^^^^^^^^^^^^
sqlite3.OperationalError: no such column: cases.raw_response

The above exception was the direct cause of the following exception:

Traceback (most recent call last):
  File "C:\Users\NILESH\AppData\Local\Programs\Python\Python313\Lib\site-packages\flask\app.py", line 1511, in wsgi_app
    response = self.full_dispatch_request()
  File "C:\Users\NILESH\AppData\Local\Programs\Python\Python313\Lib\site-packages\flask\app.py", line 919, in full_dispatch_request
    rv = self.handle_user_exception(e)
  File "C:\Users\NILESH\AppData\Local\Programs\Python\Python313\Lib\site-packages\flask\app.py", line 917, in full_dispatch_request
    rv = self.dispatch_request()
  File "C:\Users\NILESH\AppData\Local\Programs\Python\Python313\Lib\site-packages\flask\app.py", line 902, in dispatch_request
    return self.ensure_sync(self.view_functions[rule.endpoint])(**view_args)  # type: ignore[no-any-return]
           ~~~~~~~~~~~~~~~~~~~~~~~~~~~~~~~~~~~~~~~~~~~~~~~~~~~~^^^^^^^^^^^^^
  File "c:\Users\NILESH\Desktop\Court-Data Fetcher & Mini-Dashboard\app.py", line 98, in index
    search_history = Case.query.order_by(Case.search_timestamp.desc()).limit(10).all()
  File "C:\Users\NILESH\AppData\Local\Programs\Python\Python313\Lib\site-packages\sqlalchemy\orm\query.py", line 2704, in all
    return self._iter().all()  # type: ignore
           ~~~~~~~~~~^^
  File "C:\Users\NILESH\AppData\Local\Programs\Python\Python313\Lib\site-packages\sqlalchemy\orm\query.py", line 2857, in _iter
    result: Union[ScalarResult[_T], Result[_T]] = self.session.execute(
                                                  ~~~~~~~~~~~~~~~~~~~~^
        statement,
        ^^^^^^^^^^
        params,
        ^^^^^^^
        execution_options={"_sa_orm_load_options": self.load_options},
        ^^^^^^^^^^^^^^^^^^^^^^^^^^^^^^^^^^^^^^^^^^^^^^^^^^^^^^^^^^^^^^
    )
    ^
  File "C:\Users\NILESH\AppData\Local\Programs\Python\Python313\Lib\site-packages\sqlalchemy\orm\session.py", line 2365, in execute
    return self._execute_internal(
           ~~~~~~~~~~~~~~~~~~~~~~^
        statement,
        ^^^^^^^^^^
    ...<4 lines>...
        _add_event=_add_event,
        ^^^^^^^^^^^^^^^^^^^^^^
    )
    ^
  File "C:\Users\NILESH\AppData\Local\Programs\Python\Python313\Lib\site-packages\sqlalchemy\orm\session.py", line 2251, in _execute_internal
    result: Result[Any] = compile_state_cls.orm_execute_statement(
                          ~~~~~~~~~~~~~~~~~~~~~~~~~~~~~~~~~~~~~~~^
        self,
        ^^^^^
    ...<4 lines>...
        conn,
        ^^^^^
    )
    ^
  File "C:\Users\NILESH\AppData\Local\Programs\Python\Python313\Lib\site-packages\sqlalchemy\orm\context.py", line 306, in orm_execute_statement
    result = conn.execute(
        statement, params or {}, execution_options=execution_options
    )
  File "C:\Users\NILESH\AppData\Local\Programs\Python\Python313\Lib\site-packages\sqlalchemy\engine\base.py", line 1413, in execute
    return meth(
        self,
        distilled_parameters,
        execution_options or NO_OPTIONS,
    )
  File "C:\Users\NILESH\AppData\Local\Programs\Python\Python313\Lib\site-packages\sqlalchemy\sql\elements.py", line 526, in _execute_on_connection
    return connection._execute_clauseelement(
           ~~~~~~~~~~~~~~~~~~~~~~~~~~~~~~~~~^
        self, distilled_params, execution_options
        ^^^^^^^^^^^^^^^^^^^^^^^^^^^^^^^^^^^^^^^^^
    )
    ^
  File "C:\Users\NILESH\AppData\Local\Programs\Python\Python313\Lib\site-packages\sqlalchemy\engine\base.py", line 1635, in _execute_clauseelement
    ret = self._execute_context(
        dialect,
    ...<8 lines>...
        cache_hit=cache_hit,
    )
  File "C:\Users\NILESH\AppData\Local\Programs\Python\Python313\Lib\site-packages\sqlalchemy\engine\base.py", line 1840, in _execute_context
    return self._exec_single_context(
           ~~~~~~~~~~~~~~~~~~~~~~~~~^
        dialect, context, statement, parameters
        ^^^^^^^^^^^^^^^^^^^^^^^^^^^^^^^^^^^^^^^
    )
    ^
  File "C:\Users\NILESH\AppData\Local\Programs\Python\Python313\Lib\site-packages\sqlalchemy\engine\base.py", line 1980, in _exec_single_context
    self._handle_dbapi_exception(
    ~~~~~~~~~~~~~~~~~~~~~~~~~~~~^
        e, str_statement, effective_parameters, cursor, context
        ^^^^^^^^^^^^^^^^^^^^^^^^^^^^^^^^^^^^^^^^^^^^^^^^^^^^^^^
    )
    ^
  File "C:\Users\NILESH\AppData\Local\Programs\Python\Python313\Lib\site-packages\sqlalchemy\engine\base.py", line 2349, in _handle_dbapi_exception
    raise sqlalchemy_exception.with_traceback(exc_info[2]) from e
  File "C:\Users\NILESH\AppData\Local\Programs\Python\Python313\Lib\site-packages\sqlalchemy\engine\base.py", line 1961, in _exec_single_context
    self.dialect.do_execute(
    ~~~~~~~~~~~~~~~~~~~~~~~^
        cursor, str_statement, effective_parameters, context
        ^^^^^^^^^^^^^^^^^^^^^^^^^^^^^^^^^^^^^^^^^^^^^^^^^^^^
    )
    ^
  File "C:\Users\NILESH\AppData\Local\Programs\Python\Python313\Lib\site-packages\sqlalchemy\engine\default.py", line 944, in do_execute
    cursor.execute(statement, parameters)
    ~~~~~~~~~~~~~~^^^^^^^^^^^^^^^^^^^^^^^
sqlalchemy.exc.OperationalError: (sqlite3.OperationalError) no such column: cases.raw_response
[SQL: SELECT cases.id AS cases_id, cases.case_type AS cases_case_type, cases.case_number AS cases_case_number, cases.filing_year AS cases_filing_year, cases.search_timestamp AS cases_search_timestamp, cases.status AS cases_status, cases.raw_response AS cases_raw_response 
FROM cases ORDER BY cases.search_timestamp DESC
 LIMIT ? OFFSET ?]
[parameters: (10, 0)]
(Background on this error at: https://sqlalche.me/e/20/e3q8)
2025-08-10 21:22:28,565 - werkzeug - INFO - 127.0.0.1 - - [10/Aug/2025 21:22:28] "[35m[1mGET / HTTP/1.1[0m" 500 -
2025-08-10 21:22:28,684 - werkzeug - ERROR - Error on request:
Traceback (most recent call last):
  File "C:\Users\NILESH\AppData\Local\Programs\Python\Python313\Lib\site-packages\sqlalchemy\engine\base.py", line 1961, in _exec_single_context
    self.dialect.do_execute(
    ^
  File "C:\Users\NILESH\AppData\Local\Programs\Python\Python313\Lib\site-packages\sqlalchemy\engine\default.py", line 944, in do_execute
    cursor.execute(statement, parameters)
    ~~~~~~~~~~~~~~^^^^^^^^^^^^^^^^^^^^^^^
sqlite3.OperationalError: no such column: cases.raw_response

The above exception was the direct cause of the following exception:

Traceback (most recent call last):
  File "C:\Users\NILESH\AppData\Local\Programs\Python\Python313\Lib\site-packages\flask\app.py", line 1511, in wsgi_app
    response = self.full_dispatch_request()
  File "C:\Users\NILESH\AppData\Local\Programs\Python\Python313\Lib\site-packages\flask\app.py", line 919, in full_dispatch_request
    rv = self.handle_user_exception(e)
  File "C:\Users\NILESH\AppData\Local\Programs\Python\Python313\Lib\site-packages\flask\app.py", line 917, in full_dispatch_request
    rv = self.dispatch_request()
  File "C:\Users\NILESH\AppData\Local\Programs\Python\Python313\Lib\site-packages\flask\app.py", line 902, in dispatch_request
    return self.ensure_sync(self.view_functions[rule.endpoint])(**view_args)  # type: ignore[no-any-return]
           ~~~~~~~~~~~~~~~~~~~~~~~~~~~~~~~~~~~~~~~~~~~~~~~~~~~~^^^^^^^^^^^^^
  File "c:\Users\NILESH\Desktop\Court-Data Fetcher & Mini-Dashboard\app.py", line 98, in index
    search_history = Case.query.order_by(Case.search_timestamp.desc()).limit(10).all()
  File "C:\Users\NILESH\AppData\Local\Programs\Python\Python313\Lib\site-packages\sqlalchemy\orm\query.py", line 2704, in all
    return self._iter().all()  # type: ignore
           ~~~~~~~~~~^^
  File "C:\Users\NILESH\AppData\Local\Programs\Python\Python313\Lib\site-packages\sqlalchemy\orm\query.py", line 2857, in _iter
    result: Union[ScalarResult[_T], Result[_T]] = self.session.execute(
    
  File "C:\Users\NILESH\AppData\Local\Programs\Python\Python313\Lib\site-packages\sqlalchemy\orm\session.py", line 2365, in execute
    return self._execute_internal(
    
  File "C:\Users\NILESH\AppData\Local\Programs\Python\Python313\Lib\site-packages\sqlalchemy\orm\session.py", line 2251, in _execute_internal
    result: Result[Any] = compile_state_cls.orm_execute_statement(
    
  File "C:\Users\NILESH\AppData\Local\Programs\Python\Python313\Lib\site-packages\sqlalchemy\orm\context.py", line 306, in orm_execute_statement
    result = conn.execute(
    
  File "C:\Users\NILESH\AppData\Local\Programs\Python\Python313\Lib\site-packages\sqlalchemy\engine\base.py", line 1413, in execute
    return meth(
    
  File "C:\Users\NILESH\AppData\Local\Programs\Python\Python313\Lib\site-packages\sqlalchemy\sql\elements.py", line 526, in _execute_on_connection
    return connection._execute_clauseelement(
    
  File "C:\Users\NILESH\AppData\Local\Programs\Python\Python313\Lib\site-packages\sqlalchemy\engine\base.py", line 1635, in _execute_clauseelement
    ret = self._execute_context(
    
  File "C:\Users\NILESH\AppData\Local\Programs\Python\Python313\Lib\site-packages\sqlalchemy\engine\base.py", line 1840, in _execute_context
    return self._exec_single_context(
    
  File "C:\Users\NILESH\AppData\Local\Programs\Python\Python313\Lib\site-packages\sqlalchemy\engine\base.py", line 1980, in _exec_single_context
    self._handle_dbapi_exception(
    ^
  File "C:\Users\NILESH\AppData\Local\Programs\Python\Python313\Lib\site-packages\sqlalchemy\engine\base.py", line 2349, in _handle_dbapi_exception
    raise sqlalchemy_exception.with_traceback(exc_info[2]) from e
  File "C:\Users\NILESH\AppData\Local\Programs\Python\Python313\Lib\site-packages\sqlalchemy\engine\base.py", line 1961, in _exec_single_context
    self.dialect.do_execute(
    ^
  File "C:\Users\NILESH\AppData\Local\Programs\Python\Python313\Lib\site-packages\sqlalchemy\engine\default.py", line 944, in do_execute
    cursor.execute(statement, parameters)
    ~~~~~~~~~~~~~~^^^^^^^^^^^^^^^^^^^^^^^
sqlalchemy.exc.OperationalError: (sqlite3.OperationalError) no such column: cases.raw_response
[SQL: SELECT cases.id AS cases_id, cases.case_type AS cases_case_type, cases.case_number AS cases_case_number, cases.filing_year AS cases_filing_year, cases.search_timestamp AS cases_search_timestamp, cases.status AS cases_status, cases.raw_response AS cases_raw_response 
FROM cases ORDER BY cases.search_timestamp DESC
 LIMIT ? OFFSET ?]
[parameters: (10, 0)]
(Background on this error at: https://sqlalche.me/e/20/e3q8)

During handling of the above exception, another exception occurred:

Traceback (most recent call last):
  File "C:\Users\NILESH\AppData\Local\Programs\Python\Python313\Lib\site-packages\werkzeug\serving.py", line 370, in run_wsgi
    execute(self.server.app)
    ~~~~~~~^^^^^^^^^^^^^^^^^
  File "C:\Users\NILESH\AppData\Local\Programs\Python\Python313\Lib\site-packages\werkzeug\serving.py", line 331, in execute
    application_iter = app(environ, start_response)
  File "C:\Users\NILESH\AppData\Local\Programs\Python\Python313\Lib\site-packages\flask\app.py", line 1536, in __call__
    return self.wsgi_app(environ, start_response)
           ~~~~~~~~~~~~~^^^^^^^^^^^^^^^^^^^^^^^^^
  File "C:\Users\NILESH\AppData\Local\Programs\Python\Python313\Lib\site-packages\flask\app.py", line 1514, in wsgi_app
    response = self.handle_exception(e)
  File "C:\Users\NILESH\AppData\Local\Programs\Python\Python313\Lib\site-packages\flask\app.py", line 860, in handle_exception
    server_error = self.ensure_sync(handler)(server_error)
  File "c:\Users\NILESH\Desktop\Court-Data Fetcher & Mini-Dashboard\app.py", line 121, in internal_error
    return render_template('error.html', error_message='An internal error occurred'), 500
           ~~~~~~~~~~~~~~~^^^^^^^^^^^^^^^^^^^^^^^^^^^^^^^^^^^^^^^^^^^^^^^^^^^^^^^^^^
  File "C:\Users\NILESH\AppData\Local\Programs\Python\Python313\Lib\site-packages\flask\templating.py", line 150, in render_template
    return _render(app, template, context)
  File "C:\Users\NILESH\AppData\Local\Programs\Python\Python313\Lib\site-packages\flask\templating.py", line 131, in _render
    rv = template.render(context)
  File "C:\Users\NILESH\AppData\Local\Programs\Python\Python313\Lib\site-packages\jinja2\environment.py", line 1295, in render
    self.environment.handle_exception()
    ~~~~~~~~~~~~~~~~~~~~~~~~~~~~~~~~~^^
  File "C:\Users\NILESH\AppData\Local\Programs\Python\Python313\Lib\site-packages\jinja2\environment.py", line 942, in handle_exception
    raise rewrite_traceback_stack(source=source)
  File "c:\Users\NILESH\Desktop\Court-Data Fetcher & Mini-Dashboard\templates\error.html", line 1, in top-level template code
    {% extends "base.html" %}
  File "c:\Users\NILESH\Desktop\Court-Data Fetcher & Mini-Dashboard\templates\base.html", line 40, in top-level template code
    <a class="nav-link" href="{{ url_for('history') }}">
    ^
  File "C:\Users\NILESH\AppData\Local\Programs\Python\Python313\Lib\site-packages\flask\app.py", line 1121, in url_for
    return self.handle_url_build_error(error, endpoint, values)
           ~~~~~~~~~~~~~~~~~~~~~~~~~~~^^^^^^^^^^^^^^^^^^^^^^^^^
  File "C:\Users\NILESH\AppData\Local\Programs\Python\Python313\Lib\site-packages\flask\app.py", line 1110, in url_for
    rv = url_adapter.build(  # type: ignore[union-attr]
    
  File "C:\Users\NILESH\AppData\Local\Programs\Python\Python313\Lib\site-packages\werkzeug\routing\map.py", line 924, in build
    raise BuildError(endpoint, values, method, self)
werkzeug.routing.exceptions.BuildError: Could not build url for endpoint 'history'. Did you mean 'static' instead?
2025-08-10 21:22:34,479 - app - ERROR - Exception on / [GET]
Traceback (most recent call last):
  File "C:\Users\NILESH\AppData\Local\Programs\Python\Python313\Lib\site-packages\sqlalchemy\engine\base.py", line 1961, in _exec_single_context
    self.dialect.do_execute(
    ~~~~~~~~~~~~~~~~~~~~~~~^
        cursor, str_statement, effective_parameters, context
        ^^^^^^^^^^^^^^^^^^^^^^^^^^^^^^^^^^^^^^^^^^^^^^^^^^^^
    )
    ^
  File "C:\Users\NILESH\AppData\Local\Programs\Python\Python313\Lib\site-packages\sqlalchemy\engine\default.py", line 944, in do_execute
    cursor.execute(statement, parameters)
    ~~~~~~~~~~~~~~^^^^^^^^^^^^^^^^^^^^^^^
sqlite3.OperationalError: no such column: cases.raw_response

The above exception was the direct cause of the following exception:

Traceback (most recent call last):
  File "C:\Users\NILESH\AppData\Local\Programs\Python\Python313\Lib\site-packages\flask\app.py", line 1511, in wsgi_app
    response = self.full_dispatch_request()
  File "C:\Users\NILESH\AppData\Local\Programs\Python\Python313\Lib\site-packages\flask\app.py", line 919, in full_dispatch_request
    rv = self.handle_user_exception(e)
  File "C:\Users\NILESH\AppData\Local\Programs\Python\Python313\Lib\site-packages\flask\app.py", line 917, in full_dispatch_request
    rv = self.dispatch_request()
  File "C:\Users\NILESH\AppData\Local\Programs\Python\Python313\Lib\site-packages\flask\app.py", line 902, in dispatch_request
    return self.ensure_sync(self.view_functions[rule.endpoint])(**view_args)  # type: ignore[no-any-return]
           ~~~~~~~~~~~~~~~~~~~~~~~~~~~~~~~~~~~~~~~~~~~~~~~~~~~~^^^^^^^^^^^^^
  File "c:\Users\NILESH\Desktop\Court-Data Fetcher & Mini-Dashboard\app.py", line 98, in index
    search_history = Case.query.order_by(Case.search_timestamp.desc()).limit(10).all()
  File "C:\Users\NILESH\AppData\Local\Programs\Python\Python313\Lib\site-packages\sqlalchemy\orm\query.py", line 2704, in all
    return self._iter().all()  # type: ignore
           ~~~~~~~~~~^^
  File "C:\Users\NILESH\AppData\Local\Programs\Python\Python313\Lib\site-packages\sqlalchemy\orm\query.py", line 2857, in _iter
    result: Union[ScalarResult[_T], Result[_T]] = self.session.execute(
                                                  ~~~~~~~~~~~~~~~~~~~~^
        statement,
        ^^^^^^^^^^
        params,
        ^^^^^^^
        execution_options={"_sa_orm_load_options": self.load_options},
        ^^^^^^^^^^^^^^^^^^^^^^^^^^^^^^^^^^^^^^^^^^^^^^^^^^^^^^^^^^^^^^
    )
    ^
  File "C:\Users\NILESH\AppData\Local\Programs\Python\Python313\Lib\site-packages\sqlalchemy\orm\session.py", line 2365, in execute
    return self._execute_internal(
           ~~~~~~~~~~~~~~~~~~~~~~^
        statement,
        ^^^^^^^^^^
    ...<4 lines>...
        _add_event=_add_event,
        ^^^^^^^^^^^^^^^^^^^^^^
    )
    ^
  File "C:\Users\NILESH\AppData\Local\Programs\Python\Python313\Lib\site-packages\sqlalchemy\orm\session.py", line 2251, in _execute_internal
    result: Result[Any] = compile_state_cls.orm_execute_statement(
                          ~~~~~~~~~~~~~~~~~~~~~~~~~~~~~~~~~~~~~~~^
        self,
        ^^^^^
    ...<4 lines>...
        conn,
        ^^^^^
    )
    ^
  File "C:\Users\NILESH\AppData\Local\Programs\Python\Python313\Lib\site-packages\sqlalchemy\orm\context.py", line 306, in orm_execute_statement
    result = conn.execute(
        statement, params or {}, execution_options=execution_options
    )
  File "C:\Users\NILESH\AppData\Local\Programs\Python\Python313\Lib\site-packages\sqlalchemy\engine\base.py", line 1413, in execute
    return meth(
        self,
        distilled_parameters,
        execution_options or NO_OPTIONS,
    )
  File "C:\Users\NILESH\AppData\Local\Programs\Python\Python313\Lib\site-packages\sqlalchemy\sql\elements.py", line 526, in _execute_on_connection
    return connection._execute_clauseelement(
           ~~~~~~~~~~~~~~~~~~~~~~~~~~~~~~~~~^
        self, distilled_params, execution_options
        ^^^^^^^^^^^^^^^^^^^^^^^^^^^^^^^^^^^^^^^^^
    )
    ^
  File "C:\Users\NILESH\AppData\Local\Programs\Python\Python313\Lib\site-packages\sqlalchemy\engine\base.py", line 1635, in _execute_clauseelement
    ret = self._execute_context(
        dialect,
    ...<8 lines>...
        cache_hit=cache_hit,
    )
  File "C:\Users\NILESH\AppData\Local\Programs\Python\Python313\Lib\site-packages\sqlalchemy\engine\base.py", line 1840, in _execute_context
    return self._exec_single_context(
           ~~~~~~~~~~~~~~~~~~~~~~~~~^
        dialect, context, statement, parameters
        ^^^^^^^^^^^^^^^^^^^^^^^^^^^^^^^^^^^^^^^
    )
    ^
  File "C:\Users\NILESH\AppData\Local\Programs\Python\Python313\Lib\site-packages\sqlalchemy\engine\base.py", line 1980, in _exec_single_context
    self._handle_dbapi_exception(
    ~~~~~~~~~~~~~~~~~~~~~~~~~~~~^
        e, str_statement, effective_parameters, cursor, context
        ^^^^^^^^^^^^^^^^^^^^^^^^^^^^^^^^^^^^^^^^^^^^^^^^^^^^^^^
    )
    ^
  File "C:\Users\NILESH\AppData\Local\Programs\Python\Python313\Lib\site-packages\sqlalchemy\engine\base.py", line 2349, in _handle_dbapi_exception
    raise sqlalchemy_exception.with_traceback(exc_info[2]) from e
  File "C:\Users\NILESH\AppData\Local\Programs\Python\Python313\Lib\site-packages\sqlalchemy\engine\base.py", line 1961, in _exec_single_context
    self.dialect.do_execute(
    ~~~~~~~~~~~~~~~~~~~~~~~^
        cursor, str_statement, effective_parameters, context
        ^^^^^^^^^^^^^^^^^^^^^^^^^^^^^^^^^^^^^^^^^^^^^^^^^^^^
    )
    ^
  File "C:\Users\NILESH\AppData\Local\Programs\Python\Python313\Lib\site-packages\sqlalchemy\engine\default.py", line 944, in do_execute
    cursor.execute(statement, parameters)
    ~~~~~~~~~~~~~~^^^^^^^^^^^^^^^^^^^^^^^
sqlalchemy.exc.OperationalError: (sqlite3.OperationalError) no such column: cases.raw_response
[SQL: SELECT cases.id AS cases_id, cases.case_type AS cases_case_type, cases.case_number AS cases_case_number, cases.filing_year AS cases_filing_year, cases.search_timestamp AS cases_search_timestamp, cases.status AS cases_status, cases.raw_response AS cases_raw_response 
FROM cases ORDER BY cases.search_timestamp DESC
 LIMIT ? OFFSET ?]
[parameters: (10, 0)]
(Background on this error at: https://sqlalche.me/e/20/e3q8)
2025-08-10 21:22:34,490 - werkzeug - INFO - 127.0.0.1 - - [10/Aug/2025 21:22:34] "[35m[1mGET / HTTP/1.1[0m" 500 -
2025-08-10 21:22:34,515 - werkzeug - ERROR - Error on request:
Traceback (most recent call last):
  File "C:\Users\NILESH\AppData\Local\Programs\Python\Python313\Lib\site-packages\sqlalchemy\engine\base.py", line 1961, in _exec_single_context
    self.dialect.do_execute(
    ^
  File "C:\Users\NILESH\AppData\Local\Programs\Python\Python313\Lib\site-packages\sqlalchemy\engine\default.py", line 944, in do_execute
    cursor.execute(statement, parameters)
    ~~~~~~~~~~~~~~^^^^^^^^^^^^^^^^^^^^^^^
sqlite3.OperationalError: no such column: cases.raw_response

The above exception was the direct cause of the following exception:

Traceback (most recent call last):
  File "C:\Users\NILESH\AppData\Local\Programs\Python\Python313\Lib\site-packages\flask\app.py", line 1511, in wsgi_app
    response = self.full_dispatch_request()
  File "C:\Users\NILESH\AppData\Local\Programs\Python\Python313\Lib\site-packages\flask\app.py", line 919, in full_dispatch_request
    rv = self.handle_user_exception(e)
  File "C:\Users\NILESH\AppData\Local\Programs\Python\Python313\Lib\site-packages\flask\app.py", line 917, in full_dispatch_request
    rv = self.dispatch_request()
  File "C:\Users\NILESH\AppData\Local\Programs\Python\Python313\Lib\site-packages\flask\app.py", line 902, in dispatch_request
    return self.ensure_sync(self.view_functions[rule.endpoint])(**view_args)  # type: ignore[no-any-return]
           ~~~~~~~~~~~~~~~~~~~~~~~~~~~~~~~~~~~~~~~~~~~~~~~~~~~~^^^^^^^^^^^^^
  File "c:\Users\NILESH\Desktop\Court-Data Fetcher & Mini-Dashboard\app.py", line 98, in index
    search_history = Case.query.order_by(Case.search_timestamp.desc()).limit(10).all()
  File "C:\Users\NILESH\AppData\Local\Programs\Python\Python313\Lib\site-packages\sqlalchemy\orm\query.py", line 2704, in all
    return self._iter().all()  # type: ignore
           ~~~~~~~~~~^^
  File "C:\Users\NILESH\AppData\Local\Programs\Python\Python313\Lib\site-packages\sqlalchemy\orm\query.py", line 2857, in _iter
    result: Union[ScalarResult[_T], Result[_T]] = self.session.execute(
    
  File "C:\Users\NILESH\AppData\Local\Programs\Python\Python313\Lib\site-packages\sqlalchemy\orm\session.py", line 2365, in execute
    return self._execute_internal(
    
  File "C:\Users\NILESH\AppData\Local\Programs\Python\Python313\Lib\site-packages\sqlalchemy\orm\session.py", line 2251, in _execute_internal
    result: Result[Any] = compile_state_cls.orm_execute_statement(
    
  File "C:\Users\NILESH\AppData\Local\Programs\Python\Python313\Lib\site-packages\sqlalchemy\orm\context.py", line 306, in orm_execute_statement
    result = conn.execute(
    
  File "C:\Users\NILESH\AppData\Local\Programs\Python\Python313\Lib\site-packages\sqlalchemy\engine\base.py", line 1413, in execute
    return meth(
    
  File "C:\Users\NILESH\AppData\Local\Programs\Python\Python313\Lib\site-packages\sqlalchemy\sql\elements.py", line 526, in _execute_on_connection
    return connection._execute_clauseelement(
    
  File "C:\Users\NILESH\AppData\Local\Programs\Python\Python313\Lib\site-packages\sqlalchemy\engine\base.py", line 1635, in _execute_clauseelement
    ret = self._execute_context(
    
  File "C:\Users\NILESH\AppData\Local\Programs\Python\Python313\Lib\site-packages\sqlalchemy\engine\base.py", line 1840, in _execute_context
    return self._exec_single_context(
    
  File "C:\Users\NILESH\AppData\Local\Programs\Python\Python313\Lib\site-packages\sqlalchemy\engine\base.py", line 1980, in _exec_single_context
    self._handle_dbapi_exception(
    ^
  File "C:\Users\NILESH\AppData\Local\Programs\Python\Python313\Lib\site-packages\sqlalchemy\engine\base.py", line 2349, in _handle_dbapi_exception
    raise sqlalchemy_exception.with_traceback(exc_info[2]) from e
  File "C:\Users\NILESH\AppData\Local\Programs\Python\Python313\Lib\site-packages\sqlalchemy\engine\base.py", line 1961, in _exec_single_context
    self.dialect.do_execute(
    ^
  File "C:\Users\NILESH\AppData\Local\Programs\Python\Python313\Lib\site-packages\sqlalchemy\engine\default.py", line 944, in do_execute
    cursor.execute(statement, parameters)
    ~~~~~~~~~~~~~~^^^^^^^^^^^^^^^^^^^^^^^
sqlalchemy.exc.OperationalError: (sqlite3.OperationalError) no such column: cases.raw_response
[SQL: SELECT cases.id AS cases_id, cases.case_type AS cases_case_type, cases.case_number AS cases_case_number, cases.filing_year AS cases_filing_year, cases.search_timestamp AS cases_search_timestamp, cases.status AS cases_status, cases.raw_response AS cases_raw_response 
FROM cases ORDER BY cases.search_timestamp DESC
 LIMIT ? OFFSET ?]
[parameters: (10, 0)]
(Background on this error at: https://sqlalche.me/e/20/e3q8)

During handling of the above exception, another exception occurred:

Traceback (most recent call last):
  File "C:\Users\NILESH\AppData\Local\Programs\Python\Python313\Lib\site-packages\werkzeug\serving.py", line 370, in run_wsgi
    execute(self.server.app)
    ~~~~~~~^^^^^^^^^^^^^^^^^
  File "C:\Users\NILESH\AppData\Local\Programs\Python\Python313\Lib\site-packages\werkzeug\serving.py", line 331, in execute
    application_iter = app(environ, start_response)
  File "C:\Users\NILESH\AppData\Local\Programs\Python\Python313\Lib\site-packages\flask\app.py", line 1536, in __call__
    return self.wsgi_app(environ, start_response)
           ~~~~~~~~~~~~~^^^^^^^^^^^^^^^^^^^^^^^^^
  File "C:\Users\NILESH\AppData\Local\Programs\Python\Python313\Lib\site-packages\flask\app.py", line 1514, in wsgi_app
    response = self.handle_exception(e)
  File "C:\Users\NILESH\AppData\Local\Programs\Python\Python313\Lib\site-packages\flask\app.py", line 860, in handle_exception
    server_error = self.ensure_sync(handler)(server_error)
  File "c:\Users\NILESH\Desktop\Court-Data Fetcher & Mini-Dashboard\app.py", line 121, in internal_error
    return render_template('error.html', error_message='An internal error occurred'), 500
           ~~~~~~~~~~~~~~~^^^^^^^^^^^^^^^^^^^^^^^^^^^^^^^^^^^^^^^^^^^^^^^^^^^^^^^^^^
  File "C:\Users\NILESH\AppData\Local\Programs\Python\Python313\Lib\site-packages\flask\templating.py", line 150, in render_template
    return _render(app, template, context)
  File "C:\Users\NILESH\AppData\Local\Programs\Python\Python313\Lib\site-packages\flask\templating.py", line 131, in _render
    rv = template.render(context)
  File "C:\Users\NILESH\AppData\Local\Programs\Python\Python313\Lib\site-packages\jinja2\environment.py", line 1295, in render
    self.environment.handle_exception()
    ~~~~~~~~~~~~~~~~~~~~~~~~~~~~~~~~~^^
  File "C:\Users\NILESH\AppData\Local\Programs\Python\Python313\Lib\site-packages\jinja2\environment.py", line 942, in handle_exception
    raise rewrite_traceback_stack(source=source)
  File "c:\Users\NILESH\Desktop\Court-Data Fetcher & Mini-Dashboard\templates\error.html", line 1, in top-level template code
    {% extends "base.html" %}
  File "c:\Users\NILESH\Desktop\Court-Data Fetcher & Mini-Dashboard\templates\base.html", line 40, in top-level template code
    <a class="nav-link" href="{{ url_for('history') }}">
    ^
  File "C:\Users\NILESH\AppData\Local\Programs\Python\Python313\Lib\site-packages\flask\app.py", line 1121, in url_for
    return self.handle_url_build_error(error, endpoint, values)
           ~~~~~~~~~~~~~~~~~~~~~~~~~~~^^^^^^^^^^^^^^^^^^^^^^^^^
  File "C:\Users\NILESH\AppData\Local\Programs\Python\Python313\Lib\site-packages\flask\app.py", line 1110, in url_for
    rv = url_adapter.build(  # type: ignore[union-attr]
    
  File "C:\Users\NILESH\AppData\Local\Programs\Python\Python313\Lib\site-packages\werkzeug\routing\map.py", line 924, in build
    raise BuildError(endpoint, values, method, self)
werkzeug.routing.exceptions.BuildError: Could not build url for endpoint 'history'. Did you mean 'static' instead?
2025-08-10 21:22:35,412 - app - ERROR - Exception on / [GET]
Traceback (most recent call last):
  File "C:\Users\NILESH\AppData\Local\Programs\Python\Python313\Lib\site-packages\sqlalchemy\engine\base.py", line 1961, in _exec_single_context
    self.dialect.do_execute(
    ~~~~~~~~~~~~~~~~~~~~~~~^
        cursor, str_statement, effective_parameters, context
        ^^^^^^^^^^^^^^^^^^^^^^^^^^^^^^^^^^^^^^^^^^^^^^^^^^^^
    )
    ^
  File "C:\Users\NILESH\AppData\Local\Programs\Python\Python313\Lib\site-packages\sqlalchemy\engine\default.py", line 944, in do_execute
    cursor.execute(statement, parameters)
    ~~~~~~~~~~~~~~^^^^^^^^^^^^^^^^^^^^^^^
sqlite3.OperationalError: no such column: cases.raw_response

The above exception was the direct cause of the following exception:

Traceback (most recent call last):
  File "C:\Users\NILESH\AppData\Local\Programs\Python\Python313\Lib\site-packages\flask\app.py", line 1511, in wsgi_app
    response = self.full_dispatch_request()
  File "C:\Users\NILESH\AppData\Local\Programs\Python\Python313\Lib\site-packages\flask\app.py", line 919, in full_dispatch_request
    rv = self.handle_user_exception(e)
  File "C:\Users\NILESH\AppData\Local\Programs\Python\Python313\Lib\site-packages\flask\app.py", line 917, in full_dispatch_request
    rv = self.dispatch_request()
  File "C:\Users\NILESH\AppData\Local\Programs\Python\Python313\Lib\site-packages\flask\app.py", line 902, in dispatch_request
    return self.ensure_sync(self.view_functions[rule.endpoint])(**view_args)  # type: ignore[no-any-return]
           ~~~~~~~~~~~~~~~~~~~~~~~~~~~~~~~~~~~~~~~~~~~~~~~~~~~~^^^^^^^^^^^^^
  File "c:\Users\NILESH\Desktop\Court-Data Fetcher & Mini-Dashboard\app.py", line 98, in index
    search_history = Case.query.order_by(Case.search_timestamp.desc()).limit(10).all()
  File "C:\Users\NILESH\AppData\Local\Programs\Python\Python313\Lib\site-packages\sqlalchemy\orm\query.py", line 2704, in all
    return self._iter().all()  # type: ignore
           ~~~~~~~~~~^^
  File "C:\Users\NILESH\AppData\Local\Programs\Python\Python313\Lib\site-packages\sqlalchemy\orm\query.py", line 2857, in _iter
    result: Union[ScalarResult[_T], Result[_T]] = self.session.execute(
                                                  ~~~~~~~~~~~~~~~~~~~~^
        statement,
        ^^^^^^^^^^
        params,
        ^^^^^^^
        execution_options={"_sa_orm_load_options": self.load_options},
        ^^^^^^^^^^^^^^^^^^^^^^^^^^^^^^^^^^^^^^^^^^^^^^^^^^^^^^^^^^^^^^
    )
    ^
  File "C:\Users\NILESH\AppData\Local\Programs\Python\Python313\Lib\site-packages\sqlalchemy\orm\session.py", line 2365, in execute
    return self._execute_internal(
           ~~~~~~~~~~~~~~~~~~~~~~^
        statement,
        ^^^^^^^^^^
    ...<4 lines>...
        _add_event=_add_event,
        ^^^^^^^^^^^^^^^^^^^^^^
    )
    ^
  File "C:\Users\NILESH\AppData\Local\Programs\Python\Python313\Lib\site-packages\sqlalchemy\orm\session.py", line 2251, in _execute_internal
    result: Result[Any] = compile_state_cls.orm_execute_statement(
                          ~~~~~~~~~~~~~~~~~~~~~~~~~~~~~~~~~~~~~~~^
        self,
        ^^^^^
    ...<4 lines>...
        conn,
        ^^^^^
    )
    ^
  File "C:\Users\NILESH\AppData\Local\Programs\Python\Python313\Lib\site-packages\sqlalchemy\orm\context.py", line 306, in orm_execute_statement
    result = conn.execute(
        statement, params or {}, execution_options=execution_options
    )
  File "C:\Users\NILESH\AppData\Local\Programs\Python\Python313\Lib\site-packages\sqlalchemy\engine\base.py", line 1413, in execute
    return meth(
        self,
        distilled_parameters,
        execution_options or NO_OPTIONS,
    )
  File "C:\Users\NILESH\AppData\Local\Programs\Python\Python313\Lib\site-packages\sqlalchemy\sql\elements.py", line 526, in _execute_on_connection
    return connection._execute_clauseelement(
           ~~~~~~~~~~~~~~~~~~~~~~~~~~~~~~~~~^
        self, distilled_params, execution_options
        ^^^^^^^^^^^^^^^^^^^^^^^^^^^^^^^^^^^^^^^^^
    )
    ^
  File "C:\Users\NILESH\AppData\Local\Programs\Python\Python313\Lib\site-packages\sqlalchemy\engine\base.py", line 1635, in _execute_clauseelement
    ret = self._execute_context(
        dialect,
    ...<8 lines>...
        cache_hit=cache_hit,
    )
  File "C:\Users\NILESH\AppData\Local\Programs\Python\Python313\Lib\site-packages\sqlalchemy\engine\base.py", line 1840, in _execute_context
    return self._exec_single_context(
           ~~~~~~~~~~~~~~~~~~~~~~~~~^
        dialect, context, statement, parameters
        ^^^^^^^^^^^^^^^^^^^^^^^^^^^^^^^^^^^^^^^
    )
    ^
  File "C:\Users\NILESH\AppData\Local\Programs\Python\Python313\Lib\site-packages\sqlalchemy\engine\base.py", line 1980, in _exec_single_context
    self._handle_dbapi_exception(
    ~~~~~~~~~~~~~~~~~~~~~~~~~~~~^
        e, str_statement, effective_parameters, cursor, context
        ^^^^^^^^^^^^^^^^^^^^^^^^^^^^^^^^^^^^^^^^^^^^^^^^^^^^^^^
    )
    ^
  File "C:\Users\NILESH\AppData\Local\Programs\Python\Python313\Lib\site-packages\sqlalchemy\engine\base.py", line 2349, in _handle_dbapi_exception
    raise sqlalchemy_exception.with_traceback(exc_info[2]) from e
  File "C:\Users\NILESH\AppData\Local\Programs\Python\Python313\Lib\site-packages\sqlalchemy\engine\base.py", line 1961, in _exec_single_context
    self.dialect.do_execute(
    ~~~~~~~~~~~~~~~~~~~~~~~^
        cursor, str_statement, effective_parameters, context
        ^^^^^^^^^^^^^^^^^^^^^^^^^^^^^^^^^^^^^^^^^^^^^^^^^^^^
    )
    ^
  File "C:\Users\NILESH\AppData\Local\Programs\Python\Python313\Lib\site-packages\sqlalchemy\engine\default.py", line 944, in do_execute
    cursor.execute(statement, parameters)
    ~~~~~~~~~~~~~~^^^^^^^^^^^^^^^^^^^^^^^
sqlalchemy.exc.OperationalError: (sqlite3.OperationalError) no such column: cases.raw_response
[SQL: SELECT cases.id AS cases_id, cases.case_type AS cases_case_type, cases.case_number AS cases_case_number, cases.filing_year AS cases_filing_year, cases.search_timestamp AS cases_search_timestamp, cases.status AS cases_status, cases.raw_response AS cases_raw_response 
FROM cases ORDER BY cases.search_timestamp DESC
 LIMIT ? OFFSET ?]
[parameters: (10, 0)]
(Background on this error at: https://sqlalche.me/e/20/e3q8)
2025-08-10 21:22:35,423 - werkzeug - INFO - 127.0.0.1 - - [10/Aug/2025 21:22:35] "[35m[1mGET / HTTP/1.1[0m" 500 -
2025-08-10 21:22:35,442 - werkzeug - ERROR - Error on request:
Traceback (most recent call last):
  File "C:\Users\NILESH\AppData\Local\Programs\Python\Python313\Lib\site-packages\sqlalchemy\engine\base.py", line 1961, in _exec_single_context
    self.dialect.do_execute(
    ^
  File "C:\Users\NILESH\AppData\Local\Programs\Python\Python313\Lib\site-packages\sqlalchemy\engine\default.py", line 944, in do_execute
    cursor.execute(statement, parameters)
    ~~~~~~~~~~~~~~^^^^^^^^^^^^^^^^^^^^^^^
sqlite3.OperationalError: no such column: cases.raw_response

The above exception was the direct cause of the following exception:

Traceback (most recent call last):
  File "C:\Users\NILESH\AppData\Local\Programs\Python\Python313\Lib\site-packages\flask\app.py", line 1511, in wsgi_app
    response = self.full_dispatch_request()
  File "C:\Users\NILESH\AppData\Local\Programs\Python\Python313\Lib\site-packages\flask\app.py", line 919, in full_dispatch_request
    rv = self.handle_user_exception(e)
  File "C:\Users\NILESH\AppData\Local\Programs\Python\Python313\Lib\site-packages\flask\app.py", line 917, in full_dispatch_request
    rv = self.dispatch_request()
  File "C:\Users\NILESH\AppData\Local\Programs\Python\Python313\Lib\site-packages\flask\app.py", line 902, in dispatch_request
    return self.ensure_sync(self.view_functions[rule.endpoint])(**view_args)  # type: ignore[no-any-return]
           ~~~~~~~~~~~~~~~~~~~~~~~~~~~~~~~~~~~~~~~~~~~~~~~~~~~~^^^^^^^^^^^^^
  File "c:\Users\NILESH\Desktop\Court-Data Fetcher & Mini-Dashboard\app.py", line 98, in index
    search_history = Case.query.order_by(Case.search_timestamp.desc()).limit(10).all()
  File "C:\Users\NILESH\AppData\Local\Programs\Python\Python313\Lib\site-packages\sqlalchemy\orm\query.py", line 2704, in all
    return self._iter().all()  # type: ignore
           ~~~~~~~~~~^^
  File "C:\Users\NILESH\AppData\Local\Programs\Python\Python313\Lib\site-packages\sqlalchemy\orm\query.py", line 2857, in _iter
    result: Union[ScalarResult[_T], Result[_T]] = self.session.execute(
    
  File "C:\Users\NILESH\AppData\Local\Programs\Python\Python313\Lib\site-packages\sqlalchemy\orm\session.py", line 2365, in execute
    return self._execute_internal(
    
  File "C:\Users\NILESH\AppData\Local\Programs\Python\Python313\Lib\site-packages\sqlalchemy\orm\session.py", line 2251, in _execute_internal
    result: Result[Any] = compile_state_cls.orm_execute_statement(
    
  File "C:\Users\NILESH\AppData\Local\Programs\Python\Python313\Lib\site-packages\sqlalchemy\orm\context.py", line 306, in orm_execute_statement
    result = conn.execute(
    
  File "C:\Users\NILESH\AppData\Local\Programs\Python\Python313\Lib\site-packages\sqlalchemy\engine\base.py", line 1413, in execute
    return meth(
    
  File "C:\Users\NILESH\AppData\Local\Programs\Python\Python313\Lib\site-packages\sqlalchemy\sql\elements.py", line 526, in _execute_on_connection
    return connection._execute_clauseelement(
    
  File "C:\Users\NILESH\AppData\Local\Programs\Python\Python313\Lib\site-packages\sqlalchemy\engine\base.py", line 1635, in _execute_clauseelement
    ret = self._execute_context(
    
  File "C:\Users\NILESH\AppData\Local\Programs\Python\Python313\Lib\site-packages\sqlalchemy\engine\base.py", line 1840, in _execute_context
    return self._exec_single_context(
    
  File "C:\Users\NILESH\AppData\Local\Programs\Python\Python313\Lib\site-packages\sqlalchemy\engine\base.py", line 1980, in _exec_single_context
    self._handle_dbapi_exception(
    ^
  File "C:\Users\NILESH\AppData\Local\Programs\Python\Python313\Lib\site-packages\sqlalchemy\engine\base.py", line 2349, in _handle_dbapi_exception
    raise sqlalchemy_exception.with_traceback(exc_info[2]) from e
  File "C:\Users\NILESH\AppData\Local\Programs\Python\Python313\Lib\site-packages\sqlalchemy\engine\base.py", line 1961, in _exec_single_context
    self.dialect.do_execute(
    ^
  File "C:\Users\NILESH\AppData\Local\Programs\Python\Python313\Lib\site-packages\sqlalchemy\engine\default.py", line 944, in do_execute
    cursor.execute(statement, parameters)
    ~~~~~~~~~~~~~~^^^^^^^^^^^^^^^^^^^^^^^
sqlalchemy.exc.OperationalError: (sqlite3.OperationalError) no such column: cases.raw_response
[SQL: SELECT cases.id AS cases_id, cases.case_type AS cases_case_type, cases.case_number AS cases_case_number, cases.filing_year AS cases_filing_year, cases.search_timestamp AS cases_search_timestamp, cases.status AS cases_status, cases.raw_response AS cases_raw_response 
FROM cases ORDER BY cases.search_timestamp DESC
 LIMIT ? OFFSET ?]
[parameters: (10, 0)]
(Background on this error at: https://sqlalche.me/e/20/e3q8)

During handling of the above exception, another exception occurred:

Traceback (most recent call last):
  File "C:\Users\NILESH\AppData\Local\Programs\Python\Python313\Lib\site-packages\werkzeug\serving.py", line 370, in run_wsgi
    execute(self.server.app)
    ~~~~~~~^^^^^^^^^^^^^^^^^
  File "C:\Users\NILESH\AppData\Local\Programs\Python\Python313\Lib\site-packages\werkzeug\serving.py", line 331, in execute
    application_iter = app(environ, start_response)
  File "C:\Users\NILESH\AppData\Local\Programs\Python\Python313\Lib\site-packages\flask\app.py", line 1536, in __call__
    return self.wsgi_app(environ, start_response)
           ~~~~~~~~~~~~~^^^^^^^^^^^^^^^^^^^^^^^^^
  File "C:\Users\NILESH\AppData\Local\Programs\Python\Python313\Lib\site-packages\flask\app.py", line 1514, in wsgi_app
    response = self.handle_exception(e)
  File "C:\Users\NILESH\AppData\Local\Programs\Python\Python313\Lib\site-packages\flask\app.py", line 860, in handle_exception
    server_error = self.ensure_sync(handler)(server_error)
  File "c:\Users\NILESH\Desktop\Court-Data Fetcher & Mini-Dashboard\app.py", line 121, in internal_error
    return render_template('error.html', error_message='An internal error occurred'), 500
           ~~~~~~~~~~~~~~~^^^^^^^^^^^^^^^^^^^^^^^^^^^^^^^^^^^^^^^^^^^^^^^^^^^^^^^^^^
  File "C:\Users\NILESH\AppData\Local\Programs\Python\Python313\Lib\site-packages\flask\templating.py", line 150, in render_template
    return _render(app, template, context)
  File "C:\Users\NILESH\AppData\Local\Programs\Python\Python313\Lib\site-packages\flask\templating.py", line 131, in _render
    rv = template.render(context)
  File "C:\Users\NILESH\AppData\Local\Programs\Python\Python313\Lib\site-packages\jinja2\environment.py", line 1295, in render
    self.environment.handle_exception()
    ~~~~~~~~~~~~~~~~~~~~~~~~~~~~~~~~~^^
  File "C:\Users\NILESH\AppData\Local\Programs\Python\Python313\Lib\site-packages\jinja2\environment.py", line 942, in handle_exception
    raise rewrite_traceback_stack(source=source)
  File "c:\Users\NILESH\Desktop\Court-Data Fetcher & Mini-Dashboard\templates\error.html", line 1, in top-level template code
    {% extends "base.html" %}
  File "c:\Users\NILESH\Desktop\Court-Data Fetcher & Mini-Dashboard\templates\base.html", line 40, in top-level template code
    <a class="nav-link" href="{{ url_for('history') }}">
    ^
  File "C:\Users\NILESH\AppData\Local\Programs\Python\Python313\Lib\site-packages\flask\app.py", line 1121, in url_for
    return self.handle_url_build_error(error, endpoint, values)
           ~~~~~~~~~~~~~~~~~~~~~~~~~~~^^^^^^^^^^^^^^^^^^^^^^^^^
  File "C:\Users\NILESH\AppData\Local\Programs\Python\Python313\Lib\site-packages\flask\app.py", line 1110, in url_for
    rv = url_adapter.build(  # type: ignore[union-attr]
    
  File "C:\Users\NILESH\AppData\Local\Programs\Python\Python313\Lib\site-packages\werkzeug\routing\map.py", line 924, in build
    raise BuildError(endpoint, values, method, self)
werkzeug.routing.exceptions.BuildError: Could not build url for endpoint 'history'. Did you mean 'static' instead?
2025-08-10 21:36:57,255 - werkzeug - INFO - [31m[1mWARNING: This is a development server. Do not use it in a production deployment. Use a production WSGI server instead.[0m
 * Running on all addresses (0.0.0.0)
 * Running on http://127.0.0.1:5000
 * Running on http://192.168.29.202:5000
2025-08-10 21:36:57,256 - werkzeug - INFO - [33mPress CTRL+C to quit[0m
2025-08-10 21:36:57,260 - werkzeug - INFO -  * Restarting with stat
2025-08-10 21:36:59,421 - werkzeug - WARNING -  * Debugger is active!
2025-08-10 21:36:59,427 - werkzeug - INFO -  * Debugger PIN: 106-467-557
2025-08-10 21:37:05,397 - werkzeug - INFO - 127.0.0.1 - - [10/Aug/2025 21:37:05] "GET / HTTP/1.1" 200 -
2025-08-10 21:37:05,645 - werkzeug - INFO - 127.0.0.1 - - [10/Aug/2025 21:37:05] "[36mGET /static/css/style.css HTTP/1.1[0m" 304 -
2025-08-10 21:37:05,694 - werkzeug - INFO - 127.0.0.1 - - [10/Aug/2025 21:37:05] "[36mGET /static/js/main.js HTTP/1.1[0m" 304 -
2025-08-10 21:44:18,076 - werkzeug - INFO -  * Detected change in 'c:\\Users\\NILESH\\Desktop\\Court-Data Fetcher & Mini-Dashboard\\court_scraper.py', reloading
2025-08-10 21:44:18,439 - werkzeug - INFO -  * Restarting with stat
2025-08-10 21:44:21,184 - werkzeug - WARNING -  * Debugger is active!
2025-08-10 21:44:21,189 - werkzeug - INFO -  * Debugger PIN: 106-467-557
2025-08-10 21:47:24,155 - werkzeug - INFO - [31m[1mWARNING: This is a development server. Do not use it in a production deployment. Use a production WSGI server instead.[0m
 * Running on all addresses (0.0.0.0)
 * Running on http://127.0.0.1:5000
 * Running on http://192.168.29.202:5000
2025-08-10 21:47:24,155 - werkzeug - INFO - [33mPress CTRL+C to quit[0m
2025-08-10 21:47:24,158 - werkzeug - INFO -  * Restarting with stat
2025-08-10 21:47:27,219 - werkzeug - WARNING -  * Debugger is active!
2025-08-10 21:47:27,224 - werkzeug - INFO -  * Debugger PIN: 106-467-557
2025-08-10 21:47:32,203 - werkzeug - INFO - 127.0.0.1 - - [10/Aug/2025 21:47:32] "GET / HTTP/1.1" 200 -
2025-08-10 21:47:32,413 - werkzeug - INFO - 127.0.0.1 - - [10/Aug/2025 21:47:32] "[36mGET /static/css/style.css HTTP/1.1[0m" 304 -
2025-08-10 21:47:32,418 - werkzeug - INFO - 127.0.0.1 - - [10/Aug/2025 21:47:32] "[36mGET /static/js/main.js HTTP/1.1[0m" 304 -
2025-08-10 21:47:49,953 - __main__ - INFO - Starting scrape for case: 9855/2024
2025-08-10 21:47:49,954 - WDM - INFO - ====== WebDriver manager ======
2025-08-10 21:47:52,292 - WDM - INFO - Get LATEST chromedriver version for google-chrome
2025-08-10 21:47:52,645 - WDM - INFO - Get LATEST chromedriver version for google-chrome
2025-08-10 21:47:53,022 - WDM - INFO - Driver [C:\Users\NILESH\.wdm\drivers\chromedriver\win64\138.0.7204.183\chromedriver-win32/chromedriver.exe] found in cache
2025-08-10 21:47:57,855 - court_scraper - INFO - WebDriver setup successful.
2025-08-10 21:47:57,856 - court_scraper - INFO - Navigating to case search page: https://delhihighcourt.nic.in/app/get-case-type-status
2025-08-10 21:48:02,110 - court_scraper - INFO - Filling search form...
2025-08-10 21:48:02,237 - court_scraper - ERROR - A required element was not found on the page: Message: Could not locate element with visible text: Civil Appeal; For documentation on this error, please visit: https://www.selenium.dev/documentation/webdriver/troubleshooting/errors#nosuchelementexception

2025-08-10 21:48:05,192 - court_scraper - INFO - WebDriver closed.
2025-08-10 21:48:05,223 - werkzeug - INFO - 127.0.0.1 - - [10/Aug/2025 21:48:05] "[32mPOST /search HTTP/1.1[0m" 302 -
2025-08-10 21:48:05,281 - werkzeug - INFO - 127.0.0.1 - - [10/Aug/2025 21:48:05] "GET /case/3 HTTP/1.1" 200 -
2025-08-10 21:48:05,376 - werkzeug - INFO - 127.0.0.1 - - [10/Aug/2025 21:48:05] "[36mGET /static/css/style.css HTTP/1.1[0m" 304 -
2025-08-10 21:48:05,377 - werkzeug - INFO - 127.0.0.1 - - [10/Aug/2025 21:48:05] "[36mGET /static/js/main.js HTTP/1.1[0m" 304 -
2025-08-10 21:48:15,603 - werkzeug - INFO - 127.0.0.1 - - [10/Aug/2025 21:48:15] "GET /case/3 HTTP/1.1" 200 -
2025-08-10 21:48:15,667 - werkzeug - INFO - 127.0.0.1 - - [10/Aug/2025 21:48:15] "[36mGET /static/css/style.css HTTP/1.1[0m" 304 -
2025-08-10 21:48:15,668 - werkzeug - INFO - 127.0.0.1 - - [10/Aug/2025 21:48:15] "[36mGET /static/js/main.js HTTP/1.1[0m" 304 -
2025-08-10 21:48:24,922 - werkzeug - INFO - 127.0.0.1 - - [10/Aug/2025 21:48:24] "GET / HTTP/1.1" 200 -
2025-08-10 21:48:24,997 - werkzeug - INFO - 127.0.0.1 - - [10/Aug/2025 21:48:24] "[36mGET /static/css/style.css HTTP/1.1[0m" 304 -
2025-08-10 21:48:25,012 - werkzeug - INFO - 127.0.0.1 - - [10/Aug/2025 21:48:25] "[36mGET /static/js/main.js HTTP/1.1[0m" 304 -
2025-08-10 21:48:28,889 - werkzeug - INFO - 127.0.0.1 - - [10/Aug/2025 21:48:28] "GET /history HTTP/1.1" 200 -
2025-08-10 21:48:28,975 - werkzeug - INFO - 127.0.0.1 - - [10/Aug/2025 21:48:28] "[36mGET /static/css/style.css HTTP/1.1[0m" 304 -
2025-08-10 21:48:28,983 - werkzeug - INFO - 127.0.0.1 - - [10/Aug/2025 21:48:28] "[36mGET /static/js/main.js HTTP/1.1[0m" 304 -
2025-08-10 21:48:31,249 - werkzeug - INFO - 127.0.0.1 - - [10/Aug/2025 21:48:31] "GET /case/3 HTTP/1.1" 200 -
2025-08-10 21:48:31,324 - werkzeug - INFO - 127.0.0.1 - - [10/Aug/2025 21:48:31] "[36mGET /static/css/style.css HTTP/1.1[0m" 304 -
2025-08-10 21:48:31,337 - werkzeug - INFO - 127.0.0.1 - - [10/Aug/2025 21:48:31] "[36mGET /static/js/main.js HTTP/1.1[0m" 304 -
2025-08-10 21:48:40,349 - werkzeug - INFO - 127.0.0.1 - - [10/Aug/2025 21:48:40] "GET /case/3 HTTP/1.1" 200 -
2025-08-10 21:48:40,419 - werkzeug - INFO - 127.0.0.1 - - [10/Aug/2025 21:48:40] "[36mGET /static/css/style.css HTTP/1.1[0m" 304 -
2025-08-10 21:48:40,420 - werkzeug - INFO - 127.0.0.1 - - [10/Aug/2025 21:48:40] "[36mGET /static/js/main.js HTTP/1.1[0m" 304 -
2025-08-10 21:48:52,808 - werkzeug - INFO - 127.0.0.1 - - [10/Aug/2025 21:48:52] "GET / HTTP/1.1" 200 -
2025-08-10 21:48:52,901 - werkzeug - INFO - 127.0.0.1 - - [10/Aug/2025 21:48:52] "[36mGET /static/css/style.css HTTP/1.1[0m" 304 -
2025-08-10 21:48:52,902 - werkzeug - INFO - 127.0.0.1 - - [10/Aug/2025 21:48:52] "[36mGET /static/js/main.js HTTP/1.1[0m" 304 -
2025-08-10 21:49:29,237 - werkzeug - INFO -  * Detected change in 'c:\\Users\\NILESH\\Desktop\\Court-Data Fetcher & Mini-Dashboard\\court_scraper.py', reloading
2025-08-10 21:49:29,715 - werkzeug - INFO -  * Restarting with stat
2025-08-10 21:49:32,488 - werkzeug - WARNING -  * Debugger is active!
2025-08-10 21:49:32,492 - werkzeug - INFO -  * Debugger PIN: 106-467-557
2025-08-10 21:49:43,614 - werkzeug - INFO -  * Detected change in 'c:\\Users\\NILESH\\Desktop\\Court-Data Fetcher & Mini-Dashboard\\court_scraper.py', reloading
2025-08-10 21:49:43,851 - werkzeug - INFO -  * Restarting with stat
2025-08-10 21:49:46,278 - werkzeug - WARNING -  * Debugger is active!
2025-08-10 21:49:46,283 - werkzeug - INFO -  * Debugger PIN: 106-467-557
2025-08-10 21:50:06,508 - werkzeug - INFO - [31m[1mWARNING: This is a development server. Do not use it in a production deployment. Use a production WSGI server instead.[0m
 * Running on all addresses (0.0.0.0)
 * Running on http://127.0.0.1:5000
 * Running on http://192.168.29.202:5000
2025-08-10 21:50:06,508 - werkzeug - INFO - [33mPress CTRL+C to quit[0m
2025-08-10 21:50:06,511 - werkzeug - INFO -  * Restarting with stat
2025-08-10 21:50:08,835 - werkzeug - WARNING -  * Debugger is active!
2025-08-10 21:50:08,840 - werkzeug - INFO -  * Debugger PIN: 106-467-557
2025-08-10 21:50:17,666 - werkzeug - INFO - 127.0.0.1 - - [10/Aug/2025 21:50:17] "GET / HTTP/1.1" 200 -
2025-08-10 21:50:17,891 - werkzeug - INFO - 127.0.0.1 - - [10/Aug/2025 21:50:17] "[36mGET /static/js/main.js HTTP/1.1[0m" 304 -
2025-08-10 21:50:17,892 - werkzeug - INFO - 127.0.0.1 - - [10/Aug/2025 21:50:17] "[36mGET /static/css/style.css HTTP/1.1[0m" 304 -
2025-08-10 21:57:00,583 - __main__ - INFO - Starting scrape for case: 1234/2024
2025-08-10 21:57:00,584 - WDM - INFO - ====== WebDriver manager ======
2025-08-10 21:57:02,683 - WDM - INFO - Get LATEST chromedriver version for google-chrome
2025-08-10 21:57:03,034 - WDM - INFO - Get LATEST chromedriver version for google-chrome
2025-08-10 21:57:03,336 - WDM - INFO - Driver [C:\Users\NILESH\.wdm\drivers\chromedriver\win64\138.0.7204.183\chromedriver-win32/chromedriver.exe] found in cache
2025-08-10 21:57:07,998 - court_scraper - INFO - WebDriver setup successful.
2025-08-10 21:57:07,998 - court_scraper - INFO - Navigating to case search page: https://delhihighcourt.nic.in/app/get-case-type-status
2025-08-10 21:57:11,553 - court_scraper - INFO - Filling search form...
2025-08-10 21:57:11,681 - court_scraper - ERROR - A required element was not found on the page: Message: Could not locate element with visible text: Civil Writ Petition; For documentation on this error, please visit: https://www.selenium.dev/documentation/webdriver/troubleshooting/errors#nosuchelementexception

2025-08-10 21:57:14,559 - court_scraper - INFO - WebDriver closed.
2025-08-10 21:57:14,580 - werkzeug - INFO - 127.0.0.1 - - [10/Aug/2025 21:57:14] "[32mPOST /search HTTP/1.1[0m" 302 -
2025-08-10 21:57:14,644 - werkzeug - INFO - 127.0.0.1 - - [10/Aug/2025 21:57:14] "GET /case/4 HTTP/1.1" 200 -
2025-08-10 21:57:14,751 - werkzeug - INFO - 127.0.0.1 - - [10/Aug/2025 21:57:14] "[36mGET /static/css/style.css HTTP/1.1[0m" 304 -
2025-08-10 21:57:14,753 - werkzeug - INFO - 127.0.0.1 - - [10/Aug/2025 21:57:14] "[36mGET /static/js/main.js HTTP/1.1[0m" 304 -
2025-08-10 22:18:33,243 - __main__ - INFO - Database initialized successfully
2025-08-10 22:18:33,245 - __main__ - INFO - Starting Flask app on 0.0.0.0:5000 (debug=True)
2025-08-10 22:18:33,337 - werkzeug - INFO - [31m[1mWARNING: This is a development server. Do not use it in a production deployment. Use a production WSGI server instead.[0m
 * Running on all addresses (0.0.0.0)
 * Running on http://127.0.0.1:5000
 * Running on http://192.168.29.202:5000
2025-08-10 22:18:33,338 - werkzeug - INFO - [33mPress CTRL+C to quit[0m
2025-08-10 22:18:33,342 - werkzeug - INFO -  * Restarting with stat
2025-08-10 22:18:35,598 - __main__ - INFO - Database initialized successfully
2025-08-10 22:18:35,599 - __main__ - INFO - Starting Flask app on 0.0.0.0:5000 (debug=True)
2025-08-10 22:18:35,625 - werkzeug - WARNING -  * Debugger is active!
2025-08-10 22:18:35,638 - werkzeug - INFO -  * Debugger PIN: 106-467-557
2025-08-10 22:18:41,142 - werkzeug - INFO - 127.0.0.1 - - [10/Aug/2025 22:18:41] "GET / HTTP/1.1" 200 -
2025-08-10 22:18:41,486 - werkzeug - INFO - 127.0.0.1 - - [10/Aug/2025 22:18:41] "[36mGET /static/css/style.css HTTP/1.1[0m" 304 -
2025-08-10 22:18:41,489 - werkzeug - INFO - 127.0.0.1 - - [10/Aug/2025 22:18:41] "[36mGET /static/js/main.js HTTP/1.1[0m" 304 -
2025-08-10 22:18:57,825 - __main__ - INFO - Starting scrape for case: 1234/2024 (ID: 5)
2025-08-10 22:18:57,826 - court_scraper - INFO - Scraping attempt 1 of 3
2025-08-10 22:18:57,826 - WDM - INFO - ====== WebDriver manager ======
2025-08-10 22:18:59,976 - WDM - INFO - Get LATEST chromedriver version for google-chrome
2025-08-10 22:19:00,259 - WDM - INFO - Get LATEST chromedriver version for google-chrome
2025-08-10 22:19:00,504 - WDM - INFO - Driver [C:\Users\NILESH\.wdm\drivers\chromedriver\win64\138.0.7204.183\chromedriver-win32/chromedriver.exe] found in cache
2025-08-10 22:19:05,279 - court_scraper - INFO - Enhanced WebDriver setup successful.
2025-08-10 22:19:05,279 - court_scraper - INFO - Navigating to case search page: https://delhihighcourt.nic.in/app/get-case-type-status
2025-08-10 22:19:12,923 - court_scraper - INFO - Filling search form with enhanced strategy...
2025-08-10 22:19:43,671 - court_scraper - ERROR - Failed to fill case type
2025-08-10 22:19:43,671 - court_scraper - ERROR - Failed to fill search form
2025-08-10 22:19:47,061 - court_scraper - INFO - WebDriver closed.
2025-08-10 22:19:47,062 - court_scraper - INFO - Scraping attempt 2 of 3
2025-08-10 22:19:47,063 - WDM - INFO - ====== WebDriver manager ======
2025-08-10 22:19:48,860 - WDM - INFO - Get LATEST chromedriver version for google-chrome
2025-08-10 22:19:49,198 - WDM - INFO - Get LATEST chromedriver version for google-chrome
2025-08-10 22:19:49,497 - WDM - INFO - Driver [C:\Users\NILESH\.wdm\drivers\chromedriver\win64\138.0.7204.183\chromedriver-win32/chromedriver.exe] found in cache
2025-08-10 22:19:52,324 - court_scraper - INFO - Enhanced WebDriver setup successful.
2025-08-10 22:19:52,324 - court_scraper - INFO - Navigating to case search page: https://delhihighcourt.nic.in/app/get-case-type-status
2025-08-10 22:19:58,243 - court_scraper - INFO - Filling search form with enhanced strategy...
2025-08-10 22:20:28,972 - court_scraper - ERROR - Failed to fill case type
2025-08-10 22:20:28,972 - court_scraper - ERROR - Failed to fill search form
2025-08-10 22:20:32,386 - court_scraper - INFO - WebDriver closed.
2025-08-10 22:20:32,387 - court_scraper - INFO - Scraping attempt 3 of 3
2025-08-10 22:20:32,388 - WDM - INFO - ====== WebDriver manager ======
2025-08-10 22:20:34,128 - WDM - INFO - Get LATEST chromedriver version for google-chrome
2025-08-10 22:20:34,454 - WDM - INFO - Get LATEST chromedriver version for google-chrome
2025-08-10 22:20:34,663 - WDM - INFO - Driver [C:\Users\NILESH\.wdm\drivers\chromedriver\win64\138.0.7204.183\chromedriver-win32/chromedriver.exe] found in cache
2025-08-10 22:20:36,846 - court_scraper - INFO - Enhanced WebDriver setup successful.
2025-08-10 22:20:36,846 - court_scraper - INFO - Navigating to case search page: https://delhihighcourt.nic.in/app/get-case-type-status
2025-08-10 22:20:43,840 - court_scraper - INFO - Filling search form with enhanced strategy...
2025-08-10 22:21:14,532 - court_scraper - ERROR - Failed to fill case type
2025-08-10 22:21:14,533 - court_scraper - ERROR - Failed to fill search form
2025-08-10 22:21:17,917 - court_scraper - INFO - WebDriver closed.
2025-08-10 22:21:17,918 - __main__ - WARNING - Scraping failed for case 1234: All scraping attempts failed
2025-08-10 22:21:17,941 - werkzeug - INFO - 127.0.0.1 - - [10/Aug/2025 22:21:17] "[32mPOST /search HTTP/1.1[0m" 302 -
2025-08-10 22:21:17,998 - werkzeug - INFO - 127.0.0.1 - - [10/Aug/2025 22:21:17] "GET /case/5 HTTP/1.1" 200 -
2025-08-10 22:21:18,079 - werkzeug - INFO - 127.0.0.1 - - [10/Aug/2025 22:21:18] "[36mGET /static/css/style.css HTTP/1.1[0m" 304 -
2025-08-10 22:21:18,081 - werkzeug - INFO - 127.0.0.1 - - [10/Aug/2025 22:21:18] "[36mGET /static/js/main.js HTTP/1.1[0m" 304 -
2025-08-10 23:48:41,915 - __main__ - INFO - Database initialized successfully
2025-08-10 23:48:41,916 - __main__ - INFO - Starting Flask app on 0.0.0.0:5000 (debug=True)
2025-08-10 23:48:41,979 - werkzeug - INFO - [31m[1mWARNING: This is a development server. Do not use it in a production deployment. Use a production WSGI server instead.[0m
 * Running on all addresses (0.0.0.0)
 * Running on http://127.0.0.1:5000
 * Running on http://192.168.29.133:5000
2025-08-10 23:48:41,980 - werkzeug - INFO - [33mPress CTRL+C to quit[0m
2025-08-10 23:48:41,983 - werkzeug - INFO -  * Restarting with stat
2025-08-10 23:48:44,296 - __main__ - INFO - Database initialized successfully
2025-08-10 23:48:44,409 - __main__ - INFO - Starting Flask app on 0.0.0.0:5000 (debug=True)
2025-08-10 23:48:44,434 - werkzeug - WARNING -  * Debugger is active!
2025-08-10 23:48:44,438 - werkzeug - INFO -  * Debugger PIN: 106-467-557
2025-08-10 23:48:55,770 - werkzeug - INFO - 127.0.0.1 - - [10/Aug/2025 23:48:55] "GET / HTTP/1.1" 200 -
2025-08-10 23:48:56,078 - werkzeug - INFO - 127.0.0.1 - - [10/Aug/2025 23:48:56] "GET /static/js/main.js HTTP/1.1" 200 -
2025-08-10 23:48:56,079 - werkzeug - INFO - 127.0.0.1 - - [10/Aug/2025 23:48:56] "GET /static/css/style.css HTTP/1.1" 200 -
2025-08-10 23:48:56,614 - werkzeug - INFO - 127.0.0.1 - - [10/Aug/2025 23:48:56] "[33mGET /favicon.ico HTTP/1.1[0m" 404 -
